Determining if the include file pthread.h exists passed with the following output:
Change Dir: /home/osboxes/Documents/Probabilistic-Robotics/Lab2_Online_Learning/Code/bin/CMakeFiles/CMakeTmp

Run Build Command:"/usr/bin/make" "cmTC_7049c/fast"
/usr/bin/make -f CMakeFiles/cmTC_7049c.dir/build.make CMakeFiles/cmTC_7049c.dir/build
make[1]: Entering directory '/home/osboxes/Documents/Probabilistic-Robotics/Lab2_Online_Learning/Code/bin/CMakeFiles/CMakeTmp'
Building C object CMakeFiles/cmTC_7049c.dir/CheckIncludeFile.c.o
/usr/bin/cc     -o CMakeFiles/cmTC_7049c.dir/CheckIncludeFile.c.o   -c /home/osboxes/Documents/Probabilistic-Robotics/Lab2_Online_Learning/Code/bin/CMakeFiles/CMakeTmp/CheckIncludeFile.c
Linking C executable cmTC_7049c
/usr/bin/cmake -E cmake_link_script CMakeFiles/cmTC_7049c.dir/link.txt --verbose=1
/usr/bin/cc       CMakeFiles/cmTC_7049c.dir/CheckIncludeFile.c.o  -o cmTC_7049c -rdynamic 
make[1]: Leaving directory '/home/osboxes/Documents/Probabilistic-Robotics/Lab2_Online_Learning/Code/bin/CMakeFiles/CMakeTmp'


Determining if the function pthread_create exists in the pthread passed with the following output:
Change Dir: /home/osboxes/Documents/Probabilistic-Robotics/Lab2_Online_Learning/Code/bin/CMakeFiles/CMakeTmp

Run Build Command:"/usr/bin/make" "cmTC_9c685/fast"
/usr/bin/make -f CMakeFiles/cmTC_9c685.dir/build.make CMakeFiles/cmTC_9c685.dir/build
make[1]: Entering directory '/home/osboxes/Documents/Probabilistic-Robotics/Lab2_Online_Learning/Code/bin/CMakeFiles/CMakeTmp'
Building C object CMakeFiles/cmTC_9c685.dir/CheckFunctionExists.c.o
/usr/bin/cc    -DCHECK_FUNCTION_EXISTS=pthread_create   -o CMakeFiles/cmTC_9c685.dir/CheckFunctionExists.c.o   -c /usr/share/cmake-3.5/Modules/CheckFunctionExists.c
Linking C executable cmTC_9c685
/usr/bin/cmake -E cmake_link_script CMakeFiles/cmTC_9c685.dir/link.txt --verbose=1
/usr/bin/cc   -DCHECK_FUNCTION_EXISTS=pthread_create    CMakeFiles/cmTC_9c685.dir/CheckFunctionExists.c.o  -o cmTC_9c685 -rdynamic -lpthread 
make[1]: Leaving directory '/home/osboxes/Documents/Probabilistic-Robotics/Lab2_Online_Learning/Code/bin/CMakeFiles/CMakeTmp'


