L -94.234001 -139.953995 -1.342158 -88.567719 -164.303391 -1.342158 66 66 66 66 66 65 66 66 65 66 66 66 66 66 67 67 67 66 67 66 67 67 67 68 68 68 69 67 530 514 506 508 494 481 470 458 445 420 410 402 393 386 379 371 365 363 363 364 358 353 349 344 339 335 332 328 324 321 304 299 298 294 291 288 287 284 282 281 277 277 276 274 273 271 269 268 267 266 265 265 264 263 263 263 262 261 261 261 261 261 193 190 189 189 192 262 262 264 194 191 190 190 193 269 271 272 274 275 277 279 279 281 283 285 288 289 292 295 298 300 303 306 309 314 318 321 325 329 335 340 360 366 372 378 384 92 92 91 89 88 87 86 85 84 83 82 82 81 81 80 79 78 78 77 76 76 76 75 75 74 74 73 73 72 72 72 71 72 71 71 71 71 71 71 71 71 70 70 70 70 0.025466
O -94.234001 -139.953995 -1.342158 0.025863
O -94.234001 -139.953995 -1.342158 0.079745
O -94.234001 -139.953995 -1.342158 0.139828
O -94.234001 -139.953995 -1.342158 0.200218
L -94.234001 -139.953995 -1.342158 -88.567719 -164.303391 -1.342158 66 66 66 66 66 66 66 65 66 66 66 66 66 66 66 66 67 66 67 66 67 68 67 68 68 68 69 67 530 514 505 508 494 481 470 458 445 419 411 401 393 386 379 371 365 362 363 364 358 353 349 344 339 334 332 328 324 321 304 299 298 294 291 288 287 284 282 281 278 277 275 274 273 271 269 268 267 266 265 265 264 263 263 262 261 261 261 261 261 261 193 190 189 189 193 262 263 264 193 190 190 190 194 270 271 272 274 275 277 278 278 281 283 285 288 290 292 295 298 300 303 306 309 313 318 321 326 330 335 340 360 366 372 379 384 93 92 91 89 88 87 86 85 84 84 82 82 81 81 80 79 78 78 77 77 76 76 75 75 74 74 73 73 72 72 72 71 72 71 71 71 71 71 71 70 70 70 70 70 70 0.204230
O -94.234001 -139.953995 -1.342158 0.269783
O -94.234001 -139.953995 -1.342158 0.329789
O -94.234001 -139.953995 -1.342158 0.390523
L -94.234001 -139.953995 -1.342158 -88.567719 -164.303391 -1.342158 66 66 66 66 66 65 66 66 66 66 66 66 66 66 66 67 67 66 67 67 67 67 67 68 68 68 69 67 530 513 505 508 494 481 470 458 445 420 410 401 394 386 379 371 365 362 363 364 358 353 349 344 340 335 332 327 324 320 304 299 297 294 291 288 287 284 282 280 277 277 276 274 272 271 269 268 267 266 265 265 265 263 263 262 262 261 261 261 261 261 192 190 189 189 193 262 263 264 193 190 190 191 196 269 271 272 274 275 277 279 279 281 283 286 288 289 292 295 297 300 303 306 310 314 318 321 326 329 335 341 360 366 372 378 384 93 92 91 89 88 87 86 85 84 83 82 81 81 81 80 79 79 78 77 76 76 76 75 75 74 74 73 72 72 72 71 71 72 71 71 71 71 70 70 70 70 71 70 70 70 0.394368
O -94.234001 -139.953995 -1.342158 0.459835
O -94.234001 -139.953995 -1.342158 0.519778
O -94.234001 -139.953995 -1.342158 0.580311
L -94.234001 -139.953995 -1.342158 -88.567719 -164.303391 -1.342158 66 66 66 66 66 66 66 66 66 66 66 66 66 66 66 66 67 66 66 66 67 67 67 68 68 69 69 67 530 514 505 508 494 481 470 458 445 419 411 401 394 386 379 371 365 362 364 364 358 354 349 344 339 335 332 327 324 321 304 299 298 294 292 288 287 284 283 281 278 277 275 273 273 271 269 268 267 266 265 265 264 263 263 262 262 261 261 261 261 262 192 190 189 189 194 262 263 264 193 190 190 191 196 269 271 272 274 275 277 278 279 281 283 286 288 290 292 295 298 300 303 306 310 314 317 321 326 329 335 340 360 366 372 378 384 93 92 91 89 88 87 86 85 84 83 82 82 81 81 80 79 78 78 77 76 76 76 75 75 74 74 73 73 72 72 71 71 71 71 71 71 71 70 71 70 71 70 70 70 70 0.584142
O -94.234001 -139.953995 -1.342158 0.649813
O -94.234001 -139.953995 -1.342158 0.709921
O -94.234001 -139.953995 -1.342158 0.780308
L -94.234001 -139.953995 -1.342158 -88.567719 -164.303391 -1.342158 66 66 66 66 66 66 66 65 66 66 66 66 66 66 66 66 67 66 67 67 67 67 67 68 68 68 69 67 530 514 506 508 494 481 470 458 445 419 410 401 393 385 379 371 366 362 363 364 358 353 349 345 339 334 332 327 324 320 304 299 298 294 291 288 287 284 282 280 278 277 276 274 273 271 270 269 267 266 265 265 265 263 263 262 262 261 261 261 261 261 192 190 189 189 194 262 263 264 193 190 190 191 195 269 271 272 274 275 277 279 279 281 283 286 288 290 292 295 298 300 303 306 310 314 318 321 326 329 334 340 360 366 372 378 384 93 92 91 89 88 86 86 85 84 83 82 82 81 81 81 79 78 78 77 77 76 76 75 75 74 74 73 73 72 72 72 72 72 72 71 71 71 71 71 70 71 70 70 70 70 0.784171
O -94.234001 -139.953995 -1.342158 0.839979
O -94.234001 -139.953995 -1.342158 0.899997
O -94.234001 -139.953995 -1.342158 0.970162
L -94.234001 -139.953995 -1.342158 -88.567719 -164.303391 -1.342158 66 66 66 66 66 66 66 65 66 66 66 66 66 66 66 67 67 66 67 67 68 68 67 68 68 68 69 67 530 514 505 508 494 481 470 458 445 419 410 402 393 386 379 371 365 362 363 364 358 353 349 345 340 335 332 328 324 320 304 299 298 294 291 288 287 284 282 281 278 277 276 275 272 272 269 268 267 266 265 265 265 263 263 262 262 262 261 261 261 261 192 190 189 189 193 262 263 264 193 190 190 190 194 270 271 272 274 275 277 278 280 281 284 286 288 290 292 295 298 300 303 306 310 314 318 321 326 330 335 340 360 366 372 378 384 93 92 91 90 88 87 86 85 84 83 82 82 81 81 80 79 78 78 77 77 76 76 75 75 74 73 74 73 72 72 72 72 72 72 71 71 71 71 71 70 71 70 70 70 70 0.973982
O -94.234001 -139.953995 -1.342158 1.030301
O -94.234001 -139.953995 -1.342158 1.099848
O -94.234001 -139.953995 -1.342158 1.160156
L -94.234001 -139.953995 -1.342158 -88.567719 -164.303391 -1.342158 66 66 66 66 66 65 66 66 66 66 66 66 66 66 67 67 67 66 66 67 67 67 67 68 68 68 69 67 530 514 505 508 494 482 470 458 445 420 410 401 393 386 379 371 365 362 363 364 358 353 349 344 340 335 332 328 324 320 304 299 298 294 291 288 287 284 282 281 278 277 275 274 273 271 269 268 267 266 265 264 264 263 263 262 262 261 261 261 261 261 192 190 188 189 193 262 263 264 193 190 190 190 194 269 271 272 274 275 277 278 279 281 284 285 288 289 292 295 298 300 303 306 310 314 317 321 325 329 335 340 360 367 372 378 384 93 92 91 89 88 86 86 86 84 83 82 82 81 81 80 79 78 78 77 76 76 75 75 75 74 74 73 73 72 72 72 72 72 71 71 71 71 70 71 70 70 70 70 70 70 1.163976
O -94.234001 -139.953995 -1.342158 1.220137
O -94.234001 -139.953995 -1.342158 1.289817
O -94.234001 -139.953995 -1.342158 1.351162
L -94.234001 -139.953995 -1.342158 -88.567719 -164.303391 -1.342158 66 66 66 66 66 66 66 66 66 66 66 66 66 66 66 66 67 66 67 67 67 67 67 68 68 69 69 66 530 513 506 508 493 481 470 458 444 419 411 402 393 386 379 371 365 361 363 364 358 353 349 344 339 334 332 327 324 320 304 299 298 294 291 288 287 284 282 281 278 277 276 274 272 271 269 269 267 266 265 265 264 263 263 263 262 261 261 261 261 261 192 190 188 189 193 262 263 264 192 190 190 190 194 269 271 272 274 275 276 279 280 281 283 286 288 290 292 295 298 300 303 306 310 314 318 321 326 330 335 340 360 366 372 378 384 93 92 91 90 88 87 86 85 84 83 82 82 81 81 80 79 78 78 77 76 76 76 75 75 74 74 73 73 72 72 72 71 72 72 71 71 71 71 71 71 71 70 70 70 70 1.355010
O -94.234001 -139.953995 -1.342158 1.409995
O -94.234001 -139.953995 -1.342158 1.479852
O -94.234001 -139.953995 -1.342158 1.540378
L -94.234001 -139.953995 -1.342158 -88.567719 -164.303391 -1.342158 66 66 66 66 66 66 66 65 65 66 66 66 66 66 66 66 67 66 67 67 66 67 67 68 68 68 69 67 530 514 506 508 494 481 470 458 445 419 410 402 393 386 379 371 366 363 363 364 358 353 349 344 339 334 332 328 324 320 304 299 298 294 291 288 287 284 282 280 278 277 276 274 273 272 269 268 267 266 266 265 265 263 262 262 261 261 261 261 261 261 192 190 189 189 193 262 263 264 193 190 189 190 194 269 271 272 273 275 277 279 279 282 283 285 288 290 292 295 298 300 303 306 310 314 318 321 325 330 335 341 360 366 372 378 384 93 92 91 89 88 87 86 85 84 83 82 82 81 81 80 79 78 78 77 76 76 76 75 75 74 74 73 73 72 72 72 71 71 71 71 71 71 71 71 70 71 71 70 70 70 1.544317
O -94.234001 -139.953995 -1.342158 1.609891
O -94.234001 -139.953995 -1.342158 1.669872
O -94.234001 -139.953995 -1.342158 1.730311
L -94.234001 -139.953995 -1.342158 -88.567719 -164.303391 -1.342158 66 66 66 66 66 66 66 65 66 66 66 66 66 66 66 66 67 66 66 66 67 67 67 68 68 69 69 67 530 514 505 508 494 482 470 458 445 420 411 402 393 386 379 371 365 362 363 364 358 353 349 344 339 335 332 328 324 320 304 299 297 294 291 288 287 285 282 281 277 277 275 274 273 271 269 268 267 267 266 265 265 263 263 263 262 261 261 261 261 261 192 190 188 189 193 262 263 264 192 190 189 190 194 270 271 272 274 275 277 279 280 282 283 286 288 290 292 295 298 300 303 306 310 314 318 321 326 330 334 340 361 366 372 378 384 93 92 91 89 88 87 86 85 84 83 82 81 81 81 80 79 78 78 77 76 76 76 75 74 74 74 73 72 72 72 72 71 71 72 71 71 71 70 71 70 71 71 70 70 70 1.735039
O -94.234001 -139.953995 -1.342158 1.789914
O -94.234001 -139.953995 -1.342158 1.860016
O -94.234001 -139.953995 -1.342158 1.920152
L -94.234001 -139.953995 -1.342158 -88.567719 -164.303391 -1.342158 66 66 66 66 66 66 66 66 66 66 66 65 66 66 66 66 67 66 66 67 67 67 67 68 68 69 69 67 530 514 505 508 494 481 470 458 445 419 410 401 393 387 379 371 366 362 363 364 358 353 349 344 340 334 332 328 324 320 304 299 298 294 291 288 287 284 282 281 278 277 276 274 273 271 269 268 267 266 265 264 265 263 263 263 261 261 261 261 261 261 192 190 189 189 193 262 263 264 192 190 189 190 194 269 271 273 274 275 277 279 280 282 283 285 288 289 292 295 298 300 303 306 310 313 318 321 326 329 335 340 361 366 372 378 384 93 92 91 89 88 86 86 85 84 83 82 82 81 81 80 79 78 78 77 76 76 76 75 75 74 74 73 73 72 72 72 71 72 71 71 71 71 71 71 70 71 70 70 70 70 1.924128
O -94.234001 -139.953995 -1.342158 1.980182
O -94.234001 -139.953995 -1.342158 2.049871
O -94.234001 -139.953995 -1.342158 2.110194
L -94.234001 -139.953995 -1.342158 -88.567719 -164.303391 -1.342158 66 66 66 66 66 66 66 65 66 66 66 66 66 66 66 66 67 66 67 67 67 67 67 68 68 68 69 67 530 514 505 509 494 481 470 458 444 420 410 402 393 385 379 371 365 362 363 364 358 353 349 345 340 334 332 328 324 321 304 299 298 294 291 288 287 284 282 281 277 276 275 274 273 272 269 268 267 266 266 265 265 263 263 262 262 261 261 261 261 262 193 190 189 189 193 262 263 264 193 190 189 190 193 270 271 272 274 275 277 279 279 281 284 286 288 290 292 295 298 300 303 306 310 314 318 321 326 329 334 340 360 366 372 378 384 93 92 91 89 88 87 86 85 84 83 82 81 81 81 80 79 78 78 77 77 76 76 75 75 74 74 73 73 72 72 72 72 72 71 71 71 71 70 71 70 71 70 70 70 70 2.114029
O -94.234001 -139.953995 -1.342158 2.170153
O -94.234001 -139.953995 -1.342158 2.229887
O -94.234001 -139.953995 -1.342158 2.300374
L -94.234001 -139.953995 -1.342158 -88.567719 -164.303391 -1.342158 66 66 66 66 66 66 66 65 66 66 66 66 66 66 66 67 67 66 66 67 67 67 67 68 68 69 69 67 529 513 506 509 495 482 470 458 444 420 411 402 393 386 379 371 365 362 363 364 358 353 349 344 339 334 332 328 324 320 304 299 298 294 291 288 287 285 282 280 278 277 276 274 272 271 270 269 267 266 266 264 265 263 263 262 262 261 261 261 261 261 192 190 189 189 192 262 262 264 192 190 190 190 193 269 271 273 274 275 277 279 279 281 283 286 288 290 292 295 298 300 303 306 310 313 318 321 326 330 335 340 360 366 372 378 384 93 92 91 89 88 87 86 85 84 83 82 82 81 81 80 79 78 78 77 77 76 76 75 75 74 73 73 73 72 72 72 72 72 71 71 71 71 70 70 70 71 70 70 70 70 2.304203
O -94.234001 -139.953995 -1.342158 2.359943
O -94.234001 -139.953995 -1.342158 2.419910
O -94.234001 -139.953995 -1.342158 2.490430
L -94.234001 -139.953995 -1.342158 -88.567719 -164.303391 -1.342158 66 66 66 66 66 65 66 65 66 66 66 66 66 66 66 66 67 66 66 67 67 67 67 68 68 68 69 67 529 513 505 509 495 481 470 458 444 419 410 401 393 386 379 371 366 361 363 364 358 353 349 344 340 334 332 327 324 320 303 299 298 294 291 288 287 284 282 281 278 277 276 274 273 271 269 268 267 267 265 265 264 263 263 262 262 261 261 261 260 262 193 190 189 189 192 262 263 264 193 190 189 190 194 269 271 272 274 275 277 279 278 281 283 286 288 290 292 295 298 300 303 306 309 314 317 322 325 329 335 340 360 366 372 378 384 93 92 91 89 88 86 86 85 84 83 82 81 81 80 80 79 78 78 77 77 76 76 75 74 74 74 73 73 72 72 72 72 71 71 71 71 71 71 70 70 71 70 70 70 70 2.494254
O -94.234001 -139.953995 -1.342158 2.549946
O -94.234001 -139.953995 -1.342158 2.621032
O -94.234001 -139.953995 -1.342158 2.700482
L -94.234001 -139.953995 -1.342158 -88.567719 -164.303391 -1.342158 66 66 66 66 66 66 66 66 66 66 66 66 66 66 66 66 67 66 67 67 67 67 67 68 68 68 69 67 529 514 506 508 495 481 470 458 445 420 410 402 393 386 379 371 365 361 363 364 358 354 349 345 340 335 331 328 324 320 304 299 298 294 291 288 287 284 282 281 278 277 276 274 272 272 270 268 267 266 265 265 264 263 263 263 262 261 261 261 261 261 192 190 188 189 193 262 263 264 192 190 189 190 192 269 271 272 274 275 277 279 280 281 284 285 288 290 292 295 298 300 304 306 310 313 318 321 326 329 335 340 360 366 372 378 384 93 92 91 89 88 86 86 85 84 83 82 82 81 81 80 79 78 78 77 76 76 76 75 75 74 74 73 73 72 72 71 71 71 71 71 71 70 70 71 70 70 70 70 70 70 2.704348
O -94.234001 -139.953995 -1.342158 2.840581
L -94.234001 -139.953995 -1.342158 -88.567719 -164.303391 -1.342158 66 66 66 66 66 66 66 65 65 66 66 65 66 66 66 66 67 66 66 66 67 67 68 68 68 68 69 67 529 513 505 508 495 481 470 458 444 419 410 402 393 386 379 371 365 361 363 364 358 353 349 344 339 334 332 327 324 320 304 299 298 294 291 288 287 284 282 281 278 277 276 274 273 271 269 269 267 266 266 265 265 263 263 262 262 261 261 261 261 261 192 190 189 189 193 262 263 264 193 190 190 190 193 269 271 272 274 275 277 278 279 281 283 286 288 290 292 295 298 300 303 306 310 314 318 321 326 329 335 340 360 366 372 378 384 93 92 91 89 88 87 86 85 85 83 82 82 81 81 80 79 78 78 77 76 76 76 75 75 74 74 73 73 72 72 72 72 72 71 71 71 71 71 71 70 70 70 70 70 70 2.844461
O -94.234001 -139.953995 -1.340413 2.969943
O -93.980003 -140.207993 -1.340413 3.110368
L -94.234001 -139.953995 -1.340816 -88.535034 -164.295761 -1.340816 66 66 66 66 66 66 66 66 66 66 66 65 66 66 66 66 66 66 67 67 67 67 67 68 68 68 69 67 529 512 505 508 495 481 470 458 444 419 411 402 394 385 379 371 365 362 363 364 358 354 349 344 339 335 332 328 324 320 303 299 298 294 291 288 287 284 282 281 277 277 276 274 272 271 269 268 267 266 265 264 264 263 263 262 262 261 261 261 261 261 193 190 188 189 193 262 263 264 192 190 190 190 194 269 271 272 274 275 277 279 279 281 284 286 288 289 292 295 298 300 303 306 309 313 318 321 326 330 335 340 360 366 372 378 384 93 92 91 89 88 87 86 85 84 83 82 82 81 81 80 79 79 78 77 77 76 76 75 75 74 74 73 73 72 72 72 71 72 71 71 71 71 70 70 70 70 70 70 70 70 3.114290
O -93.980003 -140.970001 -1.340413 3.260299
L -93.980003 -140.233139 -1.340413 -88.271225 -164.572617 -1.340413 66 66 66 66 66 66 66 66 66 66 66 66 66 66 66 67 66 66 67 67 67 67 67 68 68 68 69 67 528 512 506 509 493 481 469 457 442 419 410 401 393 385 378 371 365 361 363 364 358 353 349 344 339 334 331 327 324 320 304 299 297 294 291 288 287 284 282 281 278 277 276 274 272 271 269 269 267 267 265 265 265 264 263 262 262 261 261 261 261 261 191 190 188 189 194 262 263 264 192 190 190 190 197 269 271 272 274 275 277 278 279 281 283 285 288 289 292 295 298 300 303 306 310 314 317 321 326 329 335 340 360 366 372 378 384 92 92 91 90 87 87 86 86 84 83 82 81 81 80 80 79 78 78 78 76 76 76 75 74 74 74 73 72 72 72 71 72 72 72 71 71 71 71 70 70 70 70 70 70 70 3.264281
O -93.725998 -141.985992 -1.338668 3.410543
L -93.886986 -141.342072 -1.339774 -88.162659 -165.677887 -1.339774 66 66 66 66 66 66 65 65 66 66 66 66 66 66 66 67 66 66 66 67 67 67 67 68 68 68 69 542 526 510 504 506 492 478 466 455 426 417 408 399 391 383 377 369 364 361 363 362 357 351 347 342 338 333 330 326 323 318 302 298 296 292 289 287 285 284 281 279 277 275 274 273 272 270 269 268 267 265 265 264 263 262 262 262 261 260 260 260 260 258 189 189 188 189 211 261 262 260 190 189 188 190 234 269 270 271 272 274 275 277 278 280 283 285 287 289 292 294 297 300 304 306 309 313 317 321 326 329 334 338 360 366 372 378 384 391 92 91 89 88 86 86 85 84 83 82 82 81 80 80 79 78 78 77 76 76 76 75 74 74 73 73 73 72 72 71 71 72 71 71 71 71 70 70 70 70 70 70 70 70 3.414488
O -93.472000 -143.255997 -1.335177 3.561026
O -92.963997 -145.033997 -1.336922 3.700411